#
# There is insufficient memory for the Java Runtime Environment to continue.
# Native memory allocation (malloc) failed to allocate 32744 bytes for ChunkPool::allocate
# Possible reasons:
#   The system is out of physical RAM or swap space
#   In 32 bit mode, the process size limit was hit
# Possible solutions:
#   Reduce memory load on the system
#   Increase physical memory or swap space
#   Check if swap backing store is full
#   Use 64 bit Java on a 64 bit OS
#   Decrease Java heap size (-Xmx/-Xms)
#   Decrease number of Java threads
#   Decrease Java thread stack sizes (-Xss)
#   Set larger code cache with -XX:ReservedCodeCacheSize=
# This output file may be truncated or incomplete.
#
#  Out of Memory Error (allocation.cpp:273), pid=17580, tid=15604
#
# JRE version: Java(TM) SE Runtime Environment (8.0_45-b15) (build 1.8.0_45-b15)
# Java VM: Java HotSpot(TM) 64-Bit Server VM (25.45-b02 mixed mode windows-amd64 compressed oops)
# Failed to write core dump. Minidumps are not enabled by default on client versions of Windows
#

---------------  T H R E A D  ---------------

Current thread (0x0000000017527800):  JavaThread "C1 CompilerThread3" daemon [_thread_in_native, id=15604, stack(0x0000000017df0000,0x0000000017ef0000)]

Stack: [0x0000000017df0000,0x0000000017ef0000]
Native frames: (J=compiled Java code, j=interpreted, Vv=VM code, C=native code)
V  [jvm.dll+0x32b57a]


Current CompileTask:
C1:    221  475   !   3       com.android.dx.cf.code.BytecodeArray::parseInstruction (2764 bytes)


---------------  P R O C E S S  ---------------

Java Threads: ( => current thread )
  0x0000000017720000 JavaThread "pool-1-thread-4" [_thread_in_Java, id=7020, stack(0x00000000184f0000,0x00000000185f0000)]
  0x0000000017714800 JavaThread "pool-1-thread-3" [_thread_in_vm, id=17104, stack(0x00000000183f0000,0x00000000184f0000)]
  0x000000001771a000 JavaThread "pool-1-thread-2" [_thread_in_Java, id=14960, stack(0x00000000182f0000,0x00000000183f0000)]
  0x000000001770c000 JavaThread "pool-2-thread-1" [_thread_blocked, id=17688, stack(0x00000000181f0000,0x00000000182f0000)]
  0x0000000017709000 JavaThread "pool-1-thread-1" [_thread_in_Java, id=17368, stack(0x00000000180f0000,0x00000000181f0000)]
  0x0000000017546800 JavaThread "Service Thread" daemon [_thread_blocked, id=15456, stack(0x0000000017ef0000,0x0000000017ff0000)]
=>0x0000000017527800 JavaThread "C1 CompilerThread3" daemon [_thread_in_native, id=15604, stack(0x0000000017df0000,0x0000000017ef0000)]
  0x0000000017522800 JavaThread "C2 CompilerThread2" daemon [_thread_in_native, id=15264, stack(0x0000000017cf0000,0x0000000017df0000)]
  0x000000001751d000 JavaThread "C2 CompilerThread1" daemon [_thread_in_native, id=15432, stack(0x0000000017bf0000,0x0000000017cf0000)]
  0x0000000017517800 JavaThread "C2 CompilerThread0" daemon [_thread_in_native, id=10800, stack(0x0000000017af0000,0x0000000017bf0000)]
  0x0000000017516800 JavaThread "Attach Listener" daemon [_thread_blocked, id=13692, stack(0x00000000179f0000,0x0000000017af0000)]
  0x0000000017515000 JavaThread "Signal Dispatcher" daemon [_thread_blocked, id=4012, stack(0x00000000178f0000,0x00000000179f0000)]
  0x00000000029da000 JavaThread "Finalizer" daemon [_thread_blocked, id=16120, stack(0x00000000173f0000,0x00000000174f0000)]
  0x00000000029d3000 JavaThread "Reference Handler" daemon [_thread_blocked, id=16648, stack(0x00000000172f0000,0x00000000173f0000)]
  0x000000000103d800 JavaThread "main" [_thread_in_Java, id=15768, stack(0x00000000027e0000,0x00000000028e0000)]

Other Threads:
  0x00000000154f9800 VMThread [stack: 0x00000000171f0000,0x00000000172f0000] [id=13408]
  0x0000000017547800 WatcherThread [stack: 0x0000000017ff0000,0x00000000180f0000] [id=17364]

VM state:not at safepoint (normal execution)

VM Mutex/Monitor currently owned by a thread: None

Heap:
 PSYoungGen      total 38400K, used 14317K [0x00000000eab00000, 0x00000000ed580000, 0x0000000100000000)
  eden space 33280K, 43% used [0x00000000eab00000,0x00000000eb8fb7f8,0x00000000ecb80000)
  from space 5120K, 0% used [0x00000000ed080000,0x00000000ed080000,0x00000000ed580000)
  to   space 5120K, 0% used [0x00000000ecb80000,0x00000000ecb80000,0x00000000ed080000)
 ParOldGen       total 87552K, used 0K [0x00000000c0000000, 0x00000000c5580000, 0x00000000eab00000)
  object space 87552K, 0% used [0x00000000c0000000,0x00000000c0000000,0x00000000c5580000)
 Metaspace       used 5253K, capacity 6448K, committed 6528K, reserved 1056768K
  class space    used 572K, capacity 616K, committed 640K, reserved 1048576K

Card table byte_map: [0x0000000011da0000,0x0000000011fb0000] byte_map_base: 0x00000000117a0000

Marking Bits: (ParMarkBitMap*) 0x0000000052554040
 Begin Bits: [0x0000000012910000, 0x0000000013910000)
 End Bits:   [0x0000000013910000, 0x0000000014910000)

Polling page: 0x0000000001020000

CodeCache: size=245760Kb used=2059Kb max_used=2059Kb free=243700Kb
 bounds [0x00000000029e0000, 0x0000000002c50000, 0x00000000119e0000]
 total_blobs=727 nmethods=456 adapters=182
 compilation: enabled

Compilation events (10 events):
Event: 0.219 Thread 0x0000000017527800  464       1       com.android.dx.cf.code.Frame::getStack (5 bytes)
Event: 0.219 Thread 0x0000000017527800 nmethod 464 0x0000000002be0350 code [0x0000000002be04a0, 0x0000000002be05b0]
Event: 0.219 Thread 0x0000000017527800  451       1       com.android.dx.rop.cst.CstType::isCategory2 (2 bytes)
Event: 0.219 Thread 0x0000000017527800 nmethod 451 0x0000000002be0610 code [0x0000000002be0760, 0x0000000002be0870]
Event: 0.219 Thread 0x0000000017527800  453       1       com.android.dx.rop.cst.CstMemberRef::isCategory2 (2 bytes)
Event: 0.219 Thread 0x0000000017527800 nmethod 453 0x0000000002be08d0 code [0x0000000002be0a20, 0x0000000002be0b30]
Event: 0.219 Thread 0x0000000017527800  420       1       java.lang.Enum::ordinal (5 bytes)
Event: 0.219 Thread 0x0000000017527800 nmethod 420 0x0000000002be0b90 code [0x0000000002be0ce0, 0x0000000002be0df0]
Event: 0.219 Thread 0x0000000017527800  475   !   3       com.android.dx.cf.code.BytecodeArray::parseInstruction (2764 bytes)
Event: 0.219 Thread 0x0000000017517800 nmethod 472 0x0000000002be3b50 code [0x0000000002be3ca0, 0x0000000002be3db8]

GC Heap History (0 events):
No events

Deoptimization events (10 events):
Event: 0.206 Thread 0x0000000017709000 Uncommon trap: reason=class_check action=maybe_recompile pc=0x0000000002b7d978 method=com.android.dx.rop.cst.Constant.compareTo(Ljava/lang/Object;)I @ 2
Event: 0.206 Thread 0x0000000017709000 Uncommon trap: reason=class_check action=maybe_recompile pc=0x0000000002b7d978 method=com.android.dx.rop.cst.Constant.compareTo(Ljava/lang/Object;)I @ 2
Event: 0.206 Thread 0x0000000017709000 Uncommon trap: reason=class_check action=maybe_recompile pc=0x0000000002b7d978 method=com.android.dx.rop.cst.Constant.compareTo(Ljava/lang/Object;)I @ 2
Event: 0.207 Thread 0x000000000103d800 Uncommon trap: reason=class_check action=maybe_recompile pc=0x0000000002b7d978 method=com.android.dx.rop.cst.Constant.compareTo(Ljava/lang/Object;)I @ 2
Event: 0.210 Thread 0x000000000103d800 Uncommon trap: reason=speculate_class_check action=maybe_recompile pc=0x0000000002bc9d48 method=com.android.dx.rop.cst.Constant.compareTo(Lcom/android/dx/rop/cst/Constant;)I @ 29
Event: 0.210 Thread 0x000000000103d800 Uncommon trap: reason=speculate_class_check action=maybe_recompile pc=0x0000000002bc9d48 method=com.android.dx.rop.cst.Constant.compareTo(Lcom/android/dx/rop/cst/Constant;)I @ 29
Event: 0.210 Thread 0x000000000103d800 Uncommon trap: reason=speculate_class_check action=maybe_recompile pc=0x0000000002bc9d48 method=com.android.dx.rop.cst.Constant.compareTo(Lcom/android/dx/rop/cst/Constant;)I @ 29
Event: 0.210 Thread 0x000000000103d800 Uncommon trap: reason=speculate_class_check action=maybe_recompile pc=0x0000000002bc9d48 method=com.android.dx.rop.cst.Constant.compareTo(Lcom/android/dx/rop/cst/Constant;)I @ 29
Event: 0.214 Thread 0x000000000103d800 Uncommon trap: reason=unstable_if action=reinterpret pc=0x0000000002bd4794 method=com.android.dx.rop.cst.CstFieldRef.compareTo0(Lcom/android/dx/rop/cst/Constant;)I @ 7
Event: 0.217 Thread 0x0000000017714800 Uncommon trap: reason=unstable_if action=reinterpret pc=0x0000000002b83034 method=com.android.dx.rop.cst.CstFieldRef.compareTo0(Lcom/android/dx/rop/cst/Constant;)I @ 7

Internal exceptions (2 events):
Event: 0.024 Thread 0x000000000103d800 Exception <a 'java/lang/NoSuchMethodError': Method sun.misc.Unsafe.defineClass(Ljava/lang/String;[BII)Ljava/lang/Class; name or signature does not match> (0x00000000eab0db40) thrown at [C:\re\workspace\8-2-build-windows-amd64-cygwin\jdk8u45\3627\hotspot\sr¿úü‡˜?
Event: 0.024 Thread 0x000000000103d800 Exception <a 'java/lang/NoSuchMethodError': Method sun.misc.Unsafe.prefetchRead(Ljava/lang/Object;J)V name or signature does not match> (0x00000000eab0ddd0) thrown at [C:\re\workspace\8-2-build-windows-amd64-cygwin\jdk8u45\3627\hotspot\src\share\vm\prims\j

Events (10 events):
Event: 0.216 loading class com/android/dx/cf/attrib/AttEnclosingMethod done
Event: 0.217 Thread 0x0000000017714800 Uncommon trap: trap_request=0xffffff65 fr.pc=0x0000000002b83034
Event: 0.218 Thread 0x0000000017714800 DEOPT PACKING pc=0x0000000002b83034 sp=0x00000000184eeb70
Event: 0.218 Thread 0x0000000017714800 DEOPT UNPACKING pc=0x0000000002a2582a sp=0x00000000184eeaf8 mode 2
Event: 0.218 loading class com/android/dx/cf/attrib/AttSignature
Event: 0.218 loading class com/android/dx/cf/attrib/AttSignature done
Event: 0.218 loading class com/android/dx/cf/attrib/AttLocalVariableTypeTable
Event: 0.218 loading class com/android/dx/cf/attrib/AttLocalVariableTypeTable done
Event: 0.219 loading class com/android/dx/dex/file/FieldAnnotationStruct
Event: 0.219 loading class com/android/dx/dex/file/FieldAnnotationStruct done


Dynamic libraries:
0x00007ff7d5db0000 - 0x00007ff7d5de7000 	C:\Program Files\Java\jdk1.8.0_45\bin\java.exe
0x00007fffe1830000 - 0x00007fffe19f1000 	C:\WINDOWS\SYSTEM32\ntdll.dll
0x00007fffdfd70000 - 0x00007fffdfe1d000 	C:\WINDOWS\system32\KERNEL32.DLL
0x00007fffde6a0000 - 0x00007fffde87d000 	C:\WINDOWS\system32\KERNELBASE.dll
0x00007fffdfee0000 - 0x00007fffdff86000 	C:\WINDOWS\system32\ADVAPI32.dll
0x00007fffdf3e0000 - 0x00007fffdf47d000 	C:\WINDOWS\system32\msvcrt.dll
0x00007fffdf770000 - 0x00007fffdf7cb000 	C:\WINDOWS\system32\sechost.dll
0x00007fffdf920000 - 0x00007fffdfa46000 	C:\WINDOWS\system32\RPCRT4.dll
0x00007fffdfb80000 - 0x00007fffdfcce000 	C:\WINDOWS\system32\USER32.dll
0x00007fffe16a0000 - 0x00007fffe1826000 	C:\WINDOWS\system32\GDI32.dll
0x00007fffda0e0000 - 0x00007fffda354000 	C:\WINDOWS\WinSxS\amd64_microsoft.windows.common-controls_6595b64144ccf1df_6.0.10240.16384_none_f41f7b285750ef43\COMCTL32.dll
0x00007fffdfd30000 - 0x00007fffdfd66000 	C:\WINDOWS\system32\IMM32.DLL
0x00007fffdf610000 - 0x00007fffdf76c000 	C:\WINDOWS\system32\MSCTF.dll
0x00000000518d0000 - 0x00000000519a2000 	C:\Program Files\Java\jdk1.8.0_45\jre\bin\msvcr100.dll
0x0000000051d50000 - 0x00000000525d3000 	C:\Program Files\Java\jdk1.8.0_45\jre\bin\server\jvm.dll
0x00007fffdf0d0000 - 0x00007fffdf0d8000 	C:\WINDOWS\system32\PSAPI.DLL
0x00007fffc88f0000 - 0x00007fffc88f9000 	C:\WINDOWS\SYSTEM32\WSOCK32.dll
0x00007fffda410000 - 0x00007fffda41a000 	C:\WINDOWS\SYSTEM32\VERSION.dll
0x00007fffdc200000 - 0x00007fffdc223000 	C:\WINDOWS\SYSTEM32\WINMM.dll
0x00007fffdfab0000 - 0x00007fffdfb19000 	C:\WINDOWS\system32\WS2_32.dll
0x00007fffdf360000 - 0x00007fffdf368000 	C:\WINDOWS\system32\NSI.dll
0x0000000000fb0000 - 0x0000000000fdc000 	C:\WINDOWS\SYSTEM32\WINMMBASE.dll
0x00007fffde880000 - 0x00007fffde8c4000 	C:\WINDOWS\system32\cfgmgr32.dll
0x00007fffdcbf0000 - 0x00007fffdcc17000 	C:\WINDOWS\SYSTEM32\DEVOBJ.dll
0x0000000051d40000 - 0x0000000051d4f000 	C:\Program Files\Java\jdk1.8.0_45\jre\bin\verify.dll
0x0000000051d10000 - 0x0000000051d39000 	C:\Program Files\Java\jdk1.8.0_45\jre\bin\java.dll
0x0000000051cf0000 - 0x0000000051d06000 	C:\Program Files\Java\jdk1.8.0_45\jre\bin\zip.dll
0x00007fffdff90000 - 0x00007fffe14b2000 	C:\WINDOWS\system32\SHELL32.dll
0x00007fffde8d0000 - 0x00007fffdeef8000 	C:\WINDOWS\system32\windows.storage.dll
0x00007fffdf0e0000 - 0x00007fffdf35c000 	C:\WINDOWS\system32\combase.dll
0x00007fffdfb20000 - 0x00007fffdfb71000 	C:\WINDOWS\system32\shlwapi.dll
0x00007fffde2f0000 - 0x00007fffde2ff000 	C:\WINDOWS\system32\kernel.appcore.dll
0x00007fffde360000 - 0x00007fffde413000 	C:\WINDOWS\system32\shcore.dll
0x00007fffde280000 - 0x00007fffde2ca000 	C:\WINDOWS\system32\powrprof.dll
0x00007fffde260000 - 0x00007fffde273000 	C:\WINDOWS\system32\profapi.dll

VM Arguments:
jvm_args: -Xmx1024M -Dfile.encoding=windows-1252 -Duser.country=US -Duser.language=en -Duser.variant 
java_command: com.android.dx.command.Main --dex --num-threads=4 --output D:\Project\AndroidProject\NewsRecommender\app\build\intermediates\dex\debug D:\Project\AndroidProject\NewsRecommender\app\build\intermediates\classes\debug D:\Project\AndroidProject\NewsRecommender\app\build\intermediates\pre-dexed\debug\support-annotations-23.0.0-57045b9798be2d6347c9fe79e3fc5851e8c7ae21.jar D:\Project\AndroidProject\NewsRecommender\app\build\intermediates\pre-dexed\debug\classes-1563107f3ca7b108f655182734759b575b0aaa6d.jar D:\Project\AndroidProject\NewsRecommender\app\build\intermediates\pre-dexed\debug\classes-d513b64080b8a5d1f1b53eafc2b29b79b4816782.jar D:\Project\AndroidProject\NewsRecommender\app\build\intermediates\pre-dexed\debug\internal_impl-23.0.0-5f87cf12498f75db873bf8b9d062ae221b0a6f76.jar D:\Project\AndroidProject\NewsRecommender\app\build\intermediates\pre-dexed\debug\classes-e104b861f9e619d6e32306ef96b3770a02bcf77f.jar D:\Project\AndroidProject\NewsRecommender\app\build\intermediates\pre-dexed\debug\classes-5118c8cf92c9eec275f2e6538f42d9688ad89e72.jar
java_class_path (initial): C:\Users\Quang Quang\AppData\Local\Android\sdk\build-tools\23.0.0\lib\dx.jar
Launcher Type: SUN_STANDARD

Environment Variables:
JAVA_HOME=C:\Program Files\Java\jdk1.8.0_45
PATH=C:\ProgramData\Oracle\Java\javapath;C:\WINDOWS\system32;C:\WINDOWS;C:\WINDOWS\System32\Wbem;C:\WINDOWS\System32\WindowsPowerShell\v1.0\;C:\Program Files (x86)\NVIDIA Corporation\PhysX\Common;C:\Users\Quang Quang\AppData\Local\Android\sdk\platform-tools;C:\WINDOWS\system32\config\systemprofile\.dnx\bin;C:\Program Files\Microsoft DNX\Dnvm\;C:\Program Files (x86)\Windows Kits\8.1\Windows Performance Toolkit\;C:\Program Files\Microsoft SQL Server\120\Tools\Binn\;C:\Program Files\Java\jdk1.8.0_45\bin;C:\Program Files\Microsoft\Web Platform Installer\;C:\Program Files\Microsoft SQL Server\Client SDK\ODBC\110\Tools\Binn\;C:\Program Files (x86)\Microsoft SQL Server\120\Tools\Binn\;C:\Program Files\Microsoft SQL Server\120\DTS\Binn\;C:\Program Files (x86)\Microsoft SQL Server\120\Tools\Binn\ManagementStudio\;C:\Program Files (x86)\Microsoft SQL Server\120\DTS\Binn\
USERNAME=Quang Quang
OS=Windows_NT
PROCESSOR_IDENTIFIER=Intel64 Family 6 Model 60 Stepping 3, GenuineIntel



---------------  S Y S T E M  ---------------

OS: Windows 10.0 , 64 bit Build 10240 (10.0.10240.16384)

CPU:total 8 (4 cores per cpu, 2 threads per core) family 6 model 60 stepping 3, cmov, cx8, fxsr, mmx, sse, sse2, sse3, ssse3, sse4.1, sse4.2, popcnt, avx, avx2, aes, clmul, erms, lzcnt, ht, tsc, tscinvbit, bmi1, bmi2

Memory: 4k page, physical 8319000k(638668k free), swap 11959920k(4108k free)

vm_info: Java HotSpot(TM) 64-Bit Server VM (25.45-b02) for windows-amd64 JRE (1.8.0_45-b15), built on Apr 30 2015 12:40:44 by "java_re" with MS VC++ 10.0 (VS2010)

time: Sat Oct 10 15:49:37 2015
elapsed time: 0 seconds (0d 0h 0m 0s)

