#
# There is insufficient memory for the Java Runtime Environment to continue.
# Native memory allocation (malloc) failed to allocate 1048576 bytes for AllocateHeap
# Possible reasons:
#   The system is out of physical RAM or swap space
#   In 32 bit mode, the process size limit was hit
# Possible solutions:
#   Reduce memory load on the system
#   Increase physical memory or swap space
#   Check if swap backing store is full
#   Use 64 bit Java on a 64 bit OS
#   Decrease Java heap size (-Xmx/-Xms)
#   Decrease number of Java threads
#   Decrease Java thread stack sizes (-Xss)
#   Set larger code cache with -XX:ReservedCodeCacheSize=
# This output file may be truncated or incomplete.
#
#  Out of Memory Error (memory/allocation.inline.hpp:61), pid=8292, tid=16800
#
# JRE version:  (8.0_45-b15) (build )
# Java VM: Java HotSpot(TM) 64-Bit Server VM (25.45-b02 mixed mode windows-amd64 compressed oops)
# Failed to write core dump. Minidumps are not enabled by default on client versions of Windows
#

---------------  T H R E A D  ---------------

Current thread (0x00000000014cd800):  JavaThread "Unknown thread" [_thread_in_vm, id=16800, stack(0x0000000001510000,0x0000000001610000)]

Stack: [0x0000000001510000,0x0000000001610000]
[error occurred during error reporting (printing stack bounds), id 0xc0000005]

Native frames: (J=compiled Java code, j=interpreted, Vv=VM code, C=native code)
V  [jvm.dll+0x32b57a]
V  [jvm.dll+0x279873]
V  [jvm.dll+0x27a509]
V  [jvm.dll+0x29aa24]
C  [KERNELBASE.dll+0x702ce]
C  [ntdll.dll+0x98992]
C  [ntdll.dll+0x83f66]
C  [ntdll.dll+0x9633d]
C  [ntdll.dll+0x13c00]
C  [ntdll.dll+0x9544a]
V  [jvm.dll+0x21bcd1]


---------------  P R O C E S S  ---------------

Java Threads: ( => current thread )

Other Threads:

=>0x00000000014cd800 (exited) JavaThread "Unknown thread" [_thread_in_vm, id=16800, stack(0x0000000001510000,0x0000000001610000)]

VM state:not at safepoint (normal execution)

VM Mutex/Monitor currently owned by a thread: None

Heap:
 PSYoungGen      total 38400K, used 665K [0x00000000eab00000, 0x00000000ed580000, 0x0000000100000000)
  eden space 33280K, 2% used [0x00000000eab00000,0x00000000eaba6670,0x00000000ecb80000)
  from space 5120K, 0% used [0x00000000ed080000,0x00000000ed080000,0x00000000ed580000)
  to   space 5120K, 0% used [0x00000000ecb80000,0x00000000ecb80000,0x00000000ed080000)
 ParOldGen       total 87552K, used 0K [0x00000000c0000000, 0x00000000c5580000, 0x00000000eab00000)
  object space 87552K, 0% used [0x00000000c0000000,0x00000000c0000000,0x00000000c5580000)
 Metaspace       used 766K, capacity 4480K, committed 4480K, reserved 1056768K
  class space    used 75K, capacity 384K, committed 384K, reserved 1048576K

Card table byte_map: [0x0000000001ad0000,0x0000000001ce0000] byte_map_base: 0x00000000014d0000

Marking Bits: (ParMarkBitMap*) 0x0000000050eb4040
 Begin Bits: [0x0000000012b00000, 0x0000000013b00000)
 End Bits:   [0x0000000013b00000, 0x0000000014b00000)

Polling page: 0x0000000001480000

CodeCache: size=245760Kb used=328Kb max_used=328Kb free=245431Kb
 bounds [0x0000000003400000, 0x0000000003670000, 0x0000000012400000]
 total_blobs=57 nmethods=0 adapters=37
 compilation: enabled

Compilation events (0 events):
No events

GC Heap History (0 events):
No events

Deoptimization events (0 events):
No events

Internal exceptions (0 events):
No events

Events (10 events):
Event: 0.028 loading class java/lang/Short
Event: 0.028 loading class java/lang/Short done
Event: 0.028 loading class java/lang/Integer
Event: 0.028 loading class java/lang/Integer done
Event: 0.028 loading class java/lang/Long
Event: 0.028 loading class java/lang/Long done
Event: 0.029 loading class java/lang/NullPointerException
Event: 0.029 loading class java/lang/NullPointerException done
Event: 0.029 loading class java/lang/ArithmeticException
Event: 0.029 loading class java/lang/ArithmeticException done


Dynamic libraries:
0x00007ff666140000 - 0x00007ff666177000 	C:\Program Files\Java\jdk1.8.0_45\bin\java.exe
0x00007ffab7830000 - 0x00007ffab79f1000 	C:\WINDOWS\SYSTEM32\ntdll.dll
0x00007ffab5030000 - 0x00007ffab50dd000 	C:\WINDOWS\system32\KERNEL32.DLL
0x00007ffab4c60000 - 0x00007ffab4e3d000 	C:\WINDOWS\system32\KERNELBASE.dll
0x00007ffab6d80000 - 0x00007ffab6e26000 	C:\WINDOWS\system32\ADVAPI32.dll
0x00007ffab7720000 - 0x00007ffab77bd000 	C:\WINDOWS\system32\msvcrt.dll
0x00007ffab6f00000 - 0x00007ffab6f5b000 	C:\WINDOWS\system32\sechost.dll
0x00007ffab52a0000 - 0x00007ffab53c6000 	C:\WINDOWS\system32\RPCRT4.dll
0x00007ffab7500000 - 0x00007ffab764e000 	C:\WINDOWS\system32\USER32.dll
0x00007ffab7290000 - 0x00007ffab7416000 	C:\WINDOWS\system32\GDI32.dll
0x00007ffaaf290000 - 0x00007ffaaf504000 	C:\WINDOWS\WinSxS\amd64_microsoft.windows.common-controls_6595b64144ccf1df_6.0.10240.16384_none_f41f7b285750ef43\COMCTL32.dll
0x00007ffab7670000 - 0x00007ffab76a6000 	C:\WINDOWS\system32\IMM32.DLL
0x00007ffab7130000 - 0x00007ffab728c000 	C:\WINDOWS\system32\MSCTF.dll
0x00007ffab4150000 - 0x00007ffab4181000 	C:\Windows\system32\nvinitx.dll
0x00007ffab4140000 - 0x00007ffab414a000 	C:\WINDOWS\SYSTEM32\VERSION.dll
0x0000000052da0000 - 0x0000000052e72000 	C:\Program Files\Java\jdk1.8.0_45\jre\bin\msvcr100.dll
0x00000000506b0000 - 0x0000000050f33000 	C:\Program Files\Java\jdk1.8.0_45\jre\bin\server\jvm.dll
0x00007ffab7820000 - 0x00007ffab7828000 	C:\WINDOWS\system32\PSAPI.DLL
0x00007ffab27a0000 - 0x00007ffab27a9000 	C:\WINDOWS\SYSTEM32\WSOCK32.dll
0x00007ffab26a0000 - 0x00007ffab26c3000 	C:\WINDOWS\SYSTEM32\WINMM.dll
0x00007ffab76b0000 - 0x00007ffab7719000 	C:\WINDOWS\system32\WS2_32.dll
0x00007ffab50e0000 - 0x00007ffab50e8000 	C:\WINDOWS\system32\NSI.dll
0x00007ffab2670000 - 0x00007ffab269c000 	C:\WINDOWS\SYSTEM32\WINMMBASE.dll
0x00007ffab4b60000 - 0x00007ffab4ba4000 	C:\WINDOWS\system32\cfgmgr32.dll
0x00007ffab2ba0000 - 0x00007ffab2bc7000 	C:\WINDOWS\SYSTEM32\DEVOBJ.dll
0x0000000053210000 - 0x000000005321f000 	C:\Program Files\Java\jdk1.8.0_45\jre\bin\verify.dll
0x00000000531e0000 - 0x0000000053209000 	C:\Program Files\Java\jdk1.8.0_45\jre\bin\java.dll
0x00000000531c0000 - 0x00000000531d6000 	C:\Program Files\Java\jdk1.8.0_45\jre\bin\zip.dll
0x00007ffaace50000 - 0x00007ffaacfda000 	C:\WINDOWS\SYSTEM32\dbghelp.dll

VM Arguments:
jvm_args: -Xmx1024M -Dfile.encoding=windows-1252 -Duser.country=US -Duser.language=en -Duser.variant 
java_command: com.android.dx.command.Main --dex --output D:\Project\AndroidProject\NewsRecommender\app\build\intermediates\dex\androidTest\debug D:\Project\AndroidProject\NewsRecommender\app\build\intermediates\classes\androidTest\debug
java_class_path (initial): C:\Users\Quang Quang\AppData\Local\Android\sdk\build-tools\22.0.1\lib\dx.jar
Launcher Type: SUN_STANDARD

Environment Variables:
JAVA_HOME=C:\Program Files\Java\jdk1.8.0_45\
PATH=C:\ProgramData\Oracle\Java\javapath;C:\Windows\system32;C:\Windows;C:\Windows\System32\Wbem;C:\Windows\System32\WindowsPowerShell\v1.0\;C:\Program Files\Microsoft SQL Server\110\Tools\Binn\;C:\Program Files\Microsoft SQL Server\120\Tools\Binn\;C:\Program Files\Microsoft SQL Server\Client SDK\ODBC\110\Tools\Binn\;C:\Program Files (x86)\Microsoft SQL Server\120\Tools\Binn\;C:\Program Files\Microsoft SQL Server\120\DTS\Binn\;C:\Program Files (x86)\Microsoft SQL Server\120\Tools\Binn\ManagementStudio\;C:\Program Files (x86)\Microsoft SQL Server\120\DTS\Binn\;C:\Program Files (x86)\NVIDIA Corporation\PhysX\Common;C:\WINDOWS\system32;C:\WINDOWS;C:\WINDOWS\System32\Wbem;C:\WINDOWS\System32\WindowsPowerShell\v1.0\;C:\Program Files (x86)\Skype\Phone\;C:\sqlite\;C:\Users\Quang Quang\AppData\Local\Android\sdk\platform-tools;C:\Program Files\OpenVPN\bin
USERNAME=Quang Quang
OS=Windows_NT
PROCESSOR_IDENTIFIER=Intel64 Family 6 Model 60 Stepping 3, GenuineIntel



---------------  S Y S T E M  ---------------

OS: Windows 10.0 , 64 bit Build 10240 (10.0.10240.16384)

CPU:total 8 (4 cores per cpu, 2 threads per core) family 6 model 60 stepping 3, cmov, cx8, fxsr, mmx, sse, sse2, sse3, ssse3, sse4.1, sse4.2, popcnt, avx, avx2, aes, clmul, erms, lzcnt, ht, tsc, tscinvbit, bmi1, bmi2

Memory: 4k page, physical 8319000k(399772k free), swap 13137676k(221756k free)

vm_info: Java HotSpot(TM) 64-Bit Server VM (25.45-b02) for windows-amd64 JRE (1.8.0_45-b15), built on Apr 30 2015 12:40:44 by "java_re" with MS VC++ 10.0 (VS2010)

time: Fri Aug 14 16:45:34 2015
elapsed time: 0 seconds (0d 0h 0m 0s)

